<?xml version="1.0" encoding="UTF-8"?>
<!-- Generated by org.testng.reporters.JUnitXMLReporter -->
<testsuite hostname="CSS-D-196" ignored="2" name="DB Report Verification Tests" tests="10" failures="0" timestamp="27 Apr 2020 14:01:47 GMT" time="2.869" errors="0">
  <testcase name="ValidateMerchantDBReport" time="0.253" classname="com.concerto.vegaah.test.scenarios.VegaahReports.ValidateDBMerchantReport"/>
  <testcase name="ValidateMerchantDBReport" time="0.14" classname="com.concerto.vegaah.test.scenarios.VegaahReports.ValidateDBMerchantReport"/>
  <testcase name="ValidateMerchantDBReport" time="0.128" classname="com.concerto.vegaah.test.scenarios.VegaahReports.ValidateDBMerchantReport"/>
  <testcase name="ValidateMerchantDBReport" time="0.127" classname="com.concerto.vegaah.test.scenarios.VegaahReports.ValidateDBMerchantReport"/>
  <testcase name="ValidateMerchantDBReport" time="0.131" classname="com.concerto.vegaah.test.scenarios.VegaahReports.ValidateDBMerchantReport"/>
  <testcase name="ValidateConcertoDBReport" time="0.139" classname="com.concerto.vegaah.test.scenarios.VegaahReports.ValidateDBConcertoReport"/>
  <testcase name="ValidateConcertoDBReport" time="0.129" classname="com.concerto.vegaah.test.scenarios.VegaahReports.ValidateDBConcertoReport"/>
  <testcase name="ValidateConcertoDBReport" time="0.129" classname="com.concerto.vegaah.test.scenarios.VegaahReports.ValidateDBConcertoReport"/>
  <testcase name="ValidateConcertoDBReport" time="0.123" classname="com.concerto.vegaah.test.scenarios.VegaahReports.ValidateDBConcertoReport"/>
  <testcase name="ValidateConcertoDBReport" time="0.133" classname="com.concerto.vegaah.test.scenarios.VegaahReports.ValidateDBConcertoReport"/>
  <testcase name="@AfterSuite CompleteSuite" time="0.0" classname="com.concerto.common.BaseClass">
    <ignored/>
  </testcase> <!-- @AfterSuite CompleteSuite -->
  <testcase name="@BeforeSuite InitiateSuite" time="0.0" classname="com.concerto.common.BaseClass">
    <ignored/>
  </testcase> <!-- @BeforeSuite InitiateSuite -->
</testsuite> <!-- DB Report Verification Tests -->
