<?xml version="1.0" encoding="UTF-8"?>
<!-- Generated by org.testng.reporters.JUnitXMLReporter -->
<testsuite hostname="CSS-D-162" name="Excel Report Verification Tests" tests="1" failures="0" timestamp="24 Dec 2020 12:54:42 GMT" time="1.954" errors="0">
  <testcase name="@BeforeSuite InitiateSuite" time="0.0" classname="com.concerto.cams.test.scenarios.insmobapi.SelectClient">
    <failure type="java.lang.NullPointerException">
      <![CDATA[java.lang.NullPointerException
	at org.apache.poi.poifs.nio.ByteArrayBackedDataSource.copyTo(ByteArrayBackedDataSource.java:86)
	at org.apache.poi.poifs.filesystem.NPOIFSFileSystem.writeFilesystem(NPOIFSFileSystem.java:798)
	at org.apache.poi.hssf.usermodel.HSSFWorkbook.write(HSSFWorkbook.java:1415)
	at com.concerto.common.utilities.DataProviderWriter.setTestData(DataProviderWriter.java:201)
	at com.concerto.cams.common.dataprep.ProjectDataProviderData.SetDataProviderDataFeeProfile(ProjectDataProviderData.java:14)
	at com.concerto.cams.common.dataprep.AllData.generateData(AllData.java:12)
	at com.concerto.common.BaseClass.InitiateSuite(BaseClass.java:63)
... Removed 18 stack frames]]>
    </failure>
  </testcase> <!-- @BeforeSuite InitiateSuite -->
  <testcase name="@BeforeClass InitiateClassAPI" time="0.0" classname="com.concerto.cams.test.scenarios.insmobapi.SelectClient">
    <skipped/>
  </testcase> <!-- @BeforeClass InitiateClassAPI -->
  <testcase name="@AfterMethod TeardownTest" time="0.0" classname="com.concerto.cams.test.scenarios.insmobapi.SelectClient">
    <failure type="java.lang.NullPointerException">
      <![CDATA[java.lang.NullPointerException
	at com.concerto.common.BaseClass.TeardownTest(BaseClass.java:121)
	at java.util.concurrent.FutureTask.run(Unknown Source)
	at java.util.concurrent.ThreadPoolExecutor.runWorker(Unknown Source)
	at java.util.concurrent.ThreadPoolExecutor$Worker.run(Unknown Source)
	at java.lang.Thread.run(Unknown Source)
... Removed 18 stack frames]]>
    </failure>
  </testcase> <!-- @AfterMethod TeardownTest -->
  <testcase name="@AfterClass TeardownClassAPI" time="0.0" classname="com.concerto.cams.test.scenarios.insmobapi.SelectClient">
    <skipped/>
  </testcase> <!-- @AfterClass TeardownClassAPI -->
  <testcase name="ValidateSelectClient" time="0.0" classname="com.concerto.cams.test.scenarios.insmobapi.SelectClient">
    <skipped/>
  </testcase> <!-- ValidateSelectClient -->
</testsuite> <!-- Excel Report Verification Tests -->
