<?xml version="1.0" encoding="UTF-8"?>
<!-- Generated by org.testng.reporters.JUnitXMLReporter -->
<testsuite hostname="CSS-D-196" ignored="4" name="Generate Reports" tests="10" failures="3" timestamp="03 Jun 2020 08:12:35 GMT" time="198.587" errors="0">
  <testcase name="changeDate" time="0.078" classname="com.concerto.vegaah.test.scenarios.apiTransactions.Report_Generation_Data"/>
  <testcase name="transaction" time="44.759" classname="com.concerto.vegaah.test.scenarios.apiTransactions.Report_Generation_Data"/>
  <testcase name="transaction" time="16.913" classname="com.concerto.vegaah.test.scenarios.apiTransactions.Report_Generation_Data"/>
  <testcase name="transaction" time="6.378" classname="com.concerto.vegaah.test.scenarios.apiTransactions.Report_Generation_Data"/>
  <testcase name="transaction" time="7.095" classname="com.concerto.vegaah.test.scenarios.apiTransactions.Report_Generation_Data"/>
  <testcase name="transaction" time="7.555" classname="com.concerto.vegaah.test.scenarios.apiTransactions.Report_Generation_Data"/>
  <testcase name="transaction" time="0.114" classname="com.concerto.vegaah.test.scenarios.apiTransactions.ReportGenerationDataVoid">
    <failure type="java.lang.AssertionError" message="java.lang.AssertionError: Correct Response Code of 000 is displayed for payment test of type Transaction Successful for Capture Transaction expected [000] but found [null]">
      <![CDATA[java.lang.AssertionError: java.lang.AssertionError: Correct Response Code of 000 is displayed for payment test of type Transaction Successful for Capture Transaction expected [000] but found [null]
at com.concerto.common.utilities.Asserts.AssertAll(Asserts.java:188)
at com.concerto.vegaah.test.scenarios.apiTransactions.ReportGenerationDataVoid.transaction(ReportGenerationDataVoid.java:110)
at java.util.concurrent.FutureTask.run(Unknown Source)
at java.util.concurrent.ThreadPoolExecutor.runWorker(Unknown Source)
at java.util.concurrent.ThreadPoolExecutor$Worker.run(Unknown Source)
at java.lang.Thread.run(Unknown Source)
... Removed 17 stack frames]]>
    </failure>
  </testcase> <!-- transaction -->
  <testcase name="transaction" time="0.083" classname="com.concerto.vegaah.test.scenarios.apiTransactions.ReportGenerationDataVoid">
    <failure type="java.lang.AssertionError" message="java.lang.AssertionError: Correct Response Code of 000 is displayed for payment test of type Transaction Successful for Capture Transaction expected [000] but found [null]java.lang.AssertionError: Correct Response Code of 000 is displayed for payment test of type Transaction Successful for Void Purchase Transaction expected [000] but found [null]">
      <![CDATA[java.lang.AssertionError: java.lang.AssertionError: Correct Response Code of 000 is displayed for payment test of type Transaction Successful for Capture Transaction expected [000] but found [null]java.lang.AssertionError: Correct Response Code of 000 is displayed for payment test of type Transaction Successful for Void Purchase Transaction expected [000] but found [null]
at com.concerto.common.utilities.Asserts.AssertAll(Asserts.java:188)
at com.concerto.vegaah.test.scenarios.apiTransactions.ReportGenerationDataVoid.transaction(ReportGenerationDataVoid.java:110)
at java.util.concurrent.FutureTask.run(Unknown Source)
at java.util.concurrent.ThreadPoolExecutor.runWorker(Unknown Source)
at java.util.concurrent.ThreadPoolExecutor$Worker.run(Unknown Source)
at java.lang.Thread.run(Unknown Source)
... Removed 17 stack frames]]>
    </failure>
  </testcase> <!-- transaction -->
  <testcase name="transaction" time="0.055" classname="com.concerto.vegaah.test.scenarios.apiTransactions.ReportGenerationDataVoid">
    <failure type="java.lang.AssertionError" message="java.lang.AssertionError: Correct Response Code of 000 is displayed for payment test of type Transaction Successful for Capture Transaction expected [000] but found [null]java.lang.AssertionError: Correct Response Code of 000 is displayed for payment test of type Transaction Successful for Void Purchase Transaction expected [000] but found [null]java.lang.AssertionError: Correct Response Code of 000 is displayed for payment test of type Transaction Successful for Reversal Transaction expected [000] but found [null]">
      <![CDATA[java.lang.AssertionError: java.lang.AssertionError: Correct Response Code of 000 is displayed for payment test of type Transaction Successful for Capture Transaction expected [000] but found [null]java.lang.AssertionError: Correct Response Code of 000 is displayed for payment test of type Transaction Successful for Void Purchase Transaction expected [000] but found [null]java.lang.AssertionError: Correct Response Code of 000 is displayed for payment test of type Transaction Successful for Reversal Transaction expected [000] but found [null]
at com.concerto.common.utilities.Asserts.AssertAll(Asserts.java:188)
at com.concerto.vegaah.test.scenarios.apiTransactions.ReportGenerationDataVoid.transaction(ReportGenerationDataVoid.java:110)
at java.util.concurrent.FutureTask.run(Unknown Source)
at java.util.concurrent.ThreadPoolExecutor.runWorker(Unknown Source)
at java.util.concurrent.ThreadPoolExecutor$Worker.run(Unknown Source)
at java.lang.Thread.run(Unknown Source)
... Removed 17 stack frames]]>
    </failure>
  </testcase> <!-- transaction -->
  <testcase name="transactionReports" time="98.831" classname="com.concerto.vegaah.test.scenarios.VegaahReports.GenerateTransactionReports"/>
  <testcase name="@AfterSuite CompleteSuite" time="0.0" classname="com.concerto.common.BaseClass">
    <ignored/>
  </testcase> <!-- @AfterSuite CompleteSuite -->
  <testcase name="@AfterSuite CompleteSuite" time="0.0" classname="com.concerto.common.BaseClass">
    <ignored/>
  </testcase> <!-- @AfterSuite CompleteSuite -->
  <testcase name="@BeforeSuite InitiateSuite" time="0.0" classname="com.concerto.common.BaseClass">
    <ignored/>
  </testcase> <!-- @BeforeSuite InitiateSuite -->
  <testcase name="@BeforeSuite InitiateSuite" time="0.0" classname="com.concerto.common.BaseClass">
    <ignored/>
  </testcase> <!-- @BeforeSuite InitiateSuite -->
</testsuite> <!-- Generate Reports -->
